  [1m[36m (437.9ms)[0m  [1mCREATE TABLE "schema_migrations" ("version" varchar(255) NOT NULL) [0m
  [1m[35m (366.2ms)[0m  CREATE UNIQUE INDEX "unique_schema_migrations" ON "schema_migrations" ("version")
  [1m[36mActiveRecord::SchemaMigration Load (0.3ms)[0m  [1mSELECT "schema_migrations".* FROM "schema_migrations"[0m
Migrating to CreateGists (20130608103650)
  [1m[35m (0.2ms)[0m  begin transaction
  [1m[36m (0.9ms)[0m  [1mCREATE TABLE "gists" ("id" INTEGER PRIMARY KEY AUTOINCREMENT NOT NULL, "imie" text, "nazwisko" varchar(255), "numeralbumu" varchar(255), "created_at" datetime, "updated_at" datetime) [0m
  [1m[35mSQL (0.5ms)[0m  INSERT INTO "schema_migrations" ("version") VALUES (?)  [["version", "20130608103650"]]
  [1m[36m (358.9ms)[0m  [1mcommit transaction[0m
  [1m[35mActiveRecord::SchemaMigration Load (0.4ms)[0m  SELECT "schema_migrations".* FROM "schema_migrations"


Started GET "/" for 127.0.0.1 at 2013-06-08 19:44:54 +0200
Processing by Rails::WelcomeController#index as HTML
  Rendered /home/foju/.rvm/gems/ruby-1.9.3-p194/gems/railties-4.0.0.rc1/lib/rails/templates/rails/welcome/index.html.erb (40.4ms)
Completed 200 OK in 59ms (Views: 58.0ms | ActiveRecord: 0.0ms)


Started GET "/my_gists" for 127.0.0.1 at 2013-06-08 19:45:05 +0200

ActionController::RoutingError (No route matches [GET] "/my_gists"):
  actionpack (4.0.0.rc1) lib/action_dispatch/middleware/debug_exceptions.rb:21:in `call'
  actionpack (4.0.0.rc1) lib/action_dispatch/middleware/show_exceptions.rb:30:in `call'
  railties (4.0.0.rc1) lib/rails/rack/logger.rb:38:in `call_app'
  railties (4.0.0.rc1) lib/rails/rack/logger.rb:21:in `block in call'
  activesupport (4.0.0.rc1) lib/active_support/tagged_logging.rb:67:in `block in tagged'
  activesupport (4.0.0.rc1) lib/active_support/tagged_logging.rb:25:in `tagged'
  activesupport (4.0.0.rc1) lib/active_support/tagged_logging.rb:67:in `tagged'
  railties (4.0.0.rc1) lib/rails/rack/logger.rb:21:in `call'
  actionpack (4.0.0.rc1) lib/action_dispatch/middleware/request_id.rb:21:in `call'
  rack (1.5.2) lib/rack/methodoverride.rb:21:in `call'
  rack (1.5.2) lib/rack/runtime.rb:17:in `call'
  activesupport (4.0.0.rc1) lib/active_support/cache/strategy/local_cache.rb:83:in `call'
  rack (1.5.2) lib/rack/lock.rb:17:in `call'
  actionpack (4.0.0.rc1) lib/action_dispatch/middleware/static.rb:64:in `call'
  railties (4.0.0.rc1) lib/rails/engine.rb:511:in `call'
  railties (4.0.0.rc1) lib/rails/application.rb:96:in `call'
  rack (1.5.2) lib/rack/content_length.rb:14:in `call'
  puma (2.0.1) lib/puma/server.rb:364:in `handle_request'
  puma (2.0.1) lib/puma/server.rb:243:in `process_client'
  puma (2.0.1) lib/puma/server.rb:142:in `block in run'
  puma (2.0.1) lib/puma/thread_pool.rb:92:in `call'
  puma (2.0.1) lib/puma/thread_pool.rb:92:in `block in spawn_thread'


  Rendered /home/foju/.rvm/gems/ruby-1.9.3-p194/gems/actionpack-4.0.0.rc1/lib/action_dispatch/middleware/templates/rescues/_trace.erb (2.1ms)
  Rendered /home/foju/.rvm/gems/ruby-1.9.3-p194/gems/actionpack-4.0.0.rc1/lib/action_dispatch/middleware/templates/routes/_route.html.erb (2.2ms)
  Rendered /home/foju/.rvm/gems/ruby-1.9.3-p194/gems/actionpack-4.0.0.rc1/lib/action_dispatch/middleware/templates/routes/_table.html.erb (13.8ms)
  Rendered /home/foju/.rvm/gems/ruby-1.9.3-p194/gems/actionpack-4.0.0.rc1/lib/action_dispatch/middleware/templates/rescues/routing_error.erb within rescues/layout (54.8ms)


Started GET "/my_gists" for 127.0.0.1 at 2013-06-08 19:48:43 +0200

ActionController::RoutingError (No route matches [GET] "/my_gists"):
  actionpack (4.0.0.rc1) lib/action_dispatch/middleware/debug_exceptions.rb:21:in `call'
  actionpack (4.0.0.rc1) lib/action_dispatch/middleware/show_exceptions.rb:30:in `call'
  railties (4.0.0.rc1) lib/rails/rack/logger.rb:38:in `call_app'
  railties (4.0.0.rc1) lib/rails/rack/logger.rb:21:in `block in call'
  activesupport (4.0.0.rc1) lib/active_support/tagged_logging.rb:67:in `block in tagged'
  activesupport (4.0.0.rc1) lib/active_support/tagged_logging.rb:25:in `tagged'
  activesupport (4.0.0.rc1) lib/active_support/tagged_logging.rb:67:in `tagged'
  railties (4.0.0.rc1) lib/rails/rack/logger.rb:21:in `call'
  actionpack (4.0.0.rc1) lib/action_dispatch/middleware/request_id.rb:21:in `call'
  rack (1.5.2) lib/rack/methodoverride.rb:21:in `call'
  rack (1.5.2) lib/rack/runtime.rb:17:in `call'
  activesupport (4.0.0.rc1) lib/active_support/cache/strategy/local_cache.rb:83:in `call'
  rack (1.5.2) lib/rack/lock.rb:17:in `call'
  actionpack (4.0.0.rc1) lib/action_dispatch/middleware/static.rb:64:in `call'
  railties (4.0.0.rc1) lib/rails/engine.rb:511:in `call'
  railties (4.0.0.rc1) lib/rails/application.rb:96:in `call'
  rack (1.5.2) lib/rack/content_length.rb:14:in `call'
  puma (2.0.1) lib/puma/server.rb:364:in `handle_request'
  puma (2.0.1) lib/puma/server.rb:243:in `process_client'
  puma (2.0.1) lib/puma/server.rb:142:in `block in run'
  puma (2.0.1) lib/puma/thread_pool.rb:92:in `call'
  puma (2.0.1) lib/puma/thread_pool.rb:92:in `block in spawn_thread'


  Rendered /home/foju/.rvm/gems/ruby-1.9.3-p194/gems/actionpack-4.0.0.rc1/lib/action_dispatch/middleware/templates/rescues/_trace.erb (3.6ms)
  Rendered /home/foju/.rvm/gems/ruby-1.9.3-p194/gems/actionpack-4.0.0.rc1/lib/action_dispatch/middleware/templates/routes/_route.html.erb (2.3ms)
  Rendered /home/foju/.rvm/gems/ruby-1.9.3-p194/gems/actionpack-4.0.0.rc1/lib/action_dispatch/middleware/templates/routes/_table.html.erb (2.3ms)
  Rendered /home/foju/.rvm/gems/ruby-1.9.3-p194/gems/actionpack-4.0.0.rc1/lib/action_dispatch/middleware/templates/rescues/routing_error.erb within rescues/layout (35.9ms)


Started GET "/gists" for 127.0.0.1 at 2013-06-08 19:50:07 +0200
Processing by GistsController#index as HTML
  [1m[36mGist Load (0.3ms)[0m  [1mSELECT "gists".* FROM "gists"[0m
  Rendered gists/index.html.erb within layouts/application (6.5ms)
Completed 200 OK in 2483ms (Views: 2474.8ms | ActiveRecord: 1.5ms)


Started GET "/assets/application.css?body=1" for 127.0.0.1 at 2013-06-08 19:50:10 +0200


Started GET "/assets/gists.css?body=1" for 127.0.0.1 at 2013-06-08 19:50:10 +0200


Started GET "/assets/jquery_ujs.js?body=1" for 127.0.0.1 at 2013-06-08 19:50:10 +0200


Started GET "/assets/turbolinks.js?body=1" for 127.0.0.1 at 2013-06-08 19:50:10 +0200


Started GET "/assets/jquery.js?body=1" for 127.0.0.1 at 2013-06-08 19:50:10 +0200


Started GET "/assets/gists.js?body=1" for 127.0.0.1 at 2013-06-08 19:50:10 +0200


Started GET "/assets/scaffold.css?body=1" for 127.0.0.1 at 2013-06-08 19:50:10 +0200


Started GET "/assets/application.js?body=1" for 127.0.0.1 at 2013-06-08 19:50:10 +0200


Started GET "/gists/new" for 127.0.0.1 at 2013-06-08 19:50:12 +0200
Processing by GistsController#new as HTML
  Rendered gists/_form.html.erb (75.4ms)
  Rendered gists/new.html.erb within layouts/application (79.0ms)
Completed 200 OK in 151ms (Views: 143.0ms | ActiveRecord: 0.3ms)


Started POST "/gists" for 127.0.0.1 at 2013-06-08 19:50:40 +0200
Processing by GistsController#create as HTML
  Parameters: {"utf8"=>"✓", "authenticity_token"=>"FZ1qS4i86sR5/M/zrkSx+M+FmsWnjAIe9oXs7ElXxlQ=", "gist"=>{"imie"=>"", "nazwisko"=>"", "numeralbumu"=>""}, "commit"=>"Create Gist"}
  [1m[35m (0.4ms)[0m  begin transaction
  [1m[36mSQL (74.3ms)[0m  [1mINSERT INTO "gists" ("created_at", "imie", "nazwisko", "numeralbumu", "updated_at") VALUES (?, ?, ?, ?, ?)[0m  [["created_at", Sat, 08 Jun 2013 17:50:40 UTC +00:00], ["imie", ""], ["nazwisko", ""], ["numeralbumu", ""], ["updated_at", Sat, 08 Jun 2013 17:50:40 UTC +00:00]]
  [1m[35m (353.9ms)[0m  commit transaction
Redirected to http://localhost:3000/gists/1
Completed 302 Found in 441ms (ActiveRecord: 428.5ms)


Started GET "/gists/1" for 127.0.0.1 at 2013-06-08 19:50:41 +0200
Processing by GistsController#show as HTML
  Parameters: {"id"=>"1"}
  [1m[36mGist Load (0.5ms)[0m  [1mSELECT "gists".* FROM "gists" WHERE "gists"."id" = ? LIMIT 1[0m  [["id", "1"]]
  Rendered gists/show.html.erb within layouts/application (1.8ms)
Completed 200 OK in 16ms (Views: 9.1ms | ActiveRecord: 0.5ms)


Started GET "/assets/application.css?body=1" for 127.0.0.1 at 2013-06-08 19:50:41 +0200


Started GET "/assets/turbolinks.js?body=1" for 127.0.0.1 at 2013-06-08 19:50:41 +0200


Started GET "/assets/scaffold.css?body=1" for 127.0.0.1 at 2013-06-08 19:50:41 +0200


Started GET "/assets/gists.js?body=1" for 127.0.0.1 at 2013-06-08 19:50:41 +0200


Started GET "/assets/jquery.js?body=1" for 127.0.0.1 at 2013-06-08 19:50:41 +0200


Started GET "/assets/jquery_ujs.js?body=1" for 127.0.0.1 at 2013-06-08 19:50:41 +0200


Started GET "/assets/gists.css?body=1" for 127.0.0.1 at 2013-06-08 19:50:41 +0200


Started GET "/assets/application.js?body=1" for 127.0.0.1 at 2013-06-08 19:50:41 +0200


Started GET "/gists" for 127.0.0.1 at 2013-06-08 19:50:45 +0200
Processing by GistsController#index as HTML
  [1m[35mGist Load (0.6ms)[0m  SELECT "gists".* FROM "gists"
  Rendered gists/index.html.erb within layouts/application (7.9ms)
Completed 200 OK in 18ms (Views: 15.4ms | ActiveRecord: 0.6ms)


Started GET "/gists/1" for 127.0.0.1 at 2013-06-08 19:50:48 +0200
Processing by GistsController#show as HTML
  Parameters: {"id"=>"1"}
  [1m[36mGist Load (0.4ms)[0m  [1mSELECT "gists".* FROM "gists" WHERE "gists"."id" = ? LIMIT 1[0m  [["id", "1"]]
  Rendered gists/show.html.erb within layouts/application (3.2ms)
Completed 200 OK in 47ms (Views: 41.1ms | ActiveRecord: 0.4ms)


Started GET "/gists" for 127.0.0.1 at 2013-06-08 19:50:50 +0200
Processing by GistsController#index as HTML
  [1m[35mGist Load (0.4ms)[0m  SELECT "gists".* FROM "gists"
  Rendered gists/index.html.erb within layouts/application (3.8ms)
Completed 200 OK in 13ms (Views: 11.5ms | ActiveRecord: 0.4ms)
